<?xml version="1.0" encoding="UTF-8"?>
<!-- Generated by org.testng.reporters.JUnitReportReporter -->
<testsuite hostname="DESKTOP-6P64TEG" failures="0" tests="2" name="ContTest.ContactTest" time="0.006" errors="0" timestamp="2024-10-04T14:55:47 IST" skipped="0">
  <testcase classname="ContTest.ContactTest" name="createContTest" time="0.005"/>
  <testcase classname="ContTest.ContactTest" name="modifyContTest" time="0.001"/>
</testsuite> <!-- ContTest.ContactTest -->
