<?xml version="1.0" encoding="UTF-8"?>
<!-- Generated by org.testng.reporters.JUnitReportReporter -->
<testsuite hostname="DESKTOP-6P64TEG" failures="0" tests="2" name="OrgModule.OrganisationTest" time="0.001" errors="0" timestamp="2024-10-04T14:55:47 IST" skipped="0">
  <testcase classname="OrgModule.OrganisationTest" name="modifyOrgTest" time="0.000"/>
  <testcase classname="OrgModule.OrganisationTest" name="createOrgTest" time="0.001"/>
</testsuite> <!-- OrgModule.OrganisationTest -->
